<?xml version="1.0" encoding="UTF-8"?>
<testsuite xmlns:xsi="http://www.w3.org/2001/XMLSchema-instance" xsi:noNamespaceSchemaLocation="https://maven.apache.org/surefire/maven-surefire-plugin/xsd/surefire-test-report-3.0.xsd" version="3.0" name="in.InternshipStudio.AppTest" time="0.024" tests="1" errors="0" skipped="0" failures="0">
  <properties>
    <property name="sun.desktop" value="windows"/>
    <property name="awt.toolkit" value="sun.awt.windows.WToolkit"/>
    <property name="file.encoding.pkg" value="sun.io"/>
    <property name="java.specification.version" value="1.8"/>
    <property name="sun.cpu.isalist" value=""/>
    <property name="sun.jnu.encoding" value="Cp1252"/>
    <property name="java.class.path" value="D:\devops projects\maven\01-Maven-SA-App\target\test-classes;D:\devops projects\maven\01-Maven-SA-App\target\classes;C:\Users\duker\.m2\repository\junit\junit\3.8.1\junit-3.8.1.jar;C:\Users\duker\.m2\repository\org\springframework\spring-context\6.1.8\spring-context-6.1.8.jar;C:\Users\duker\.m2\repository\org\springframework\spring-aop\6.1.8\spring-aop-6.1.8.jar;C:\Users\duker\.m2\repository\org\springframework\spring-beans\6.1.8\spring-beans-6.1.8.jar;C:\Users\duker\.m2\repository\org\springframework\spring-core\6.1.8\spring-core-6.1.8.jar;C:\Users\duker\.m2\repository\org\springframework\spring-jcl\6.1.8\spring-jcl-6.1.8.jar;C:\Users\duker\.m2\repository\org\springframework\spring-expression\6.1.8\spring-expression-6.1.8.jar;C:\Users\duker\.m2\repository\io\micrometer\micrometer-observation\1.12.6\micrometer-observation-1.12.6.jar;C:\Users\duker\.m2\repository\io\micrometer\micrometer-commons\1.12.6\micrometer-commons-1.12.6.jar;"/>
    <property name="java.vm.vendor" value="Oracle Corporation"/>
    <property name="sun.arch.data.model" value="32"/>
    <property name="user.variant" value=""/>
    <property name="java.vendor.url" value="http://java.oracle.com/"/>
    <property name="user.timezone" value="Asia/Calcutta"/>
    <property name="java.vm.specification.version" value="1.8"/>
    <property name="os.name" value="Windows 10"/>
    <property name="user.country" value="US"/>
    <property name="sun.java.launcher" value="SUN_STANDARD"/>
    <property name="sun.boot.library.path" value="C:\Program Files (x86)\Java\jdk1.8.0_251\jre\bin"/>
    <property name="sun.java.command" value="C:\Users\duker\AppData\Local\Temp\surefire1838205162218927500\surefirebooter-20240614164010428_3.jar C:\Users\duker\AppData\Local\Temp\surefire1838205162218927500 2024-06-14T16-40-09_500-jvmRun1 surefire-20240614164010428_1tmp surefire_0-20240614164010428_2tmp"/>
    <property name="surefire.test.class.path" value="D:\devops projects\maven\01-Maven-SA-App\target\test-classes;D:\devops projects\maven\01-Maven-SA-App\target\classes;C:\Users\duker\.m2\repository\junit\junit\3.8.1\junit-3.8.1.jar;C:\Users\duker\.m2\repository\org\springframework\spring-context\6.1.8\spring-context-6.1.8.jar;C:\Users\duker\.m2\repository\org\springframework\spring-aop\6.1.8\spring-aop-6.1.8.jar;C:\Users\duker\.m2\repository\org\springframework\spring-beans\6.1.8\spring-beans-6.1.8.jar;C:\Users\duker\.m2\repository\org\springframework\spring-core\6.1.8\spring-core-6.1.8.jar;C:\Users\duker\.m2\repository\org\springframework\spring-jcl\6.1.8\spring-jcl-6.1.8.jar;C:\Users\duker\.m2\repository\org\springframework\spring-expression\6.1.8\spring-expression-6.1.8.jar;C:\Users\duker\.m2\repository\io\micrometer\micrometer-observation\1.12.6\micrometer-observation-1.12.6.jar;C:\Users\duker\.m2\repository\io\micrometer\micrometer-commons\1.12.6\micrometer-commons-1.12.6.jar;"/>
    <property name="sun.cpu.endian" value="little"/>
    <property name="user.home" value="C:\Users\duker"/>
    <property name="user.language" value="en"/>
    <property name="java.specification.vendor" value="Oracle Corporation"/>
    <property name="java.home" value="C:\Program Files (x86)\Java\jdk1.8.0_251\jre"/>
    <property name="basedir" value="D:\devops projects\maven\01-Maven-SA-App"/>
    <property name="file.separator" value="\"/>
    <property name="line.separator" value="&#10;"/>
    <property name="java.vm.specification.vendor" value="Oracle Corporation"/>
    <property name="java.specification.name" value="Java Platform API Specification"/>
    <property name="java.awt.graphicsenv" value="sun.awt.Win32GraphicsEnvironment"/>
    <property name="surefire.real.class.path" value="C:\Users\duker\AppData\Local\Temp\surefire1838205162218927500\surefirebooter-20240614164010428_3.jar"/>
    <property name="sun.boot.class.path" value="C:\Program Files (x86)\Java\jdk1.8.0_251\jre\lib\resources.jar;C:\Program Files (x86)\Java\jdk1.8.0_251\jre\lib\rt.jar;C:\Program Files (x86)\Java\jdk1.8.0_251\jre\lib\sunrsasign.jar;C:\Program Files (x86)\Java\jdk1.8.0_251\jre\lib\jsse.jar;C:\Program Files (x86)\Java\jdk1.8.0_251\jre\lib\jce.jar;C:\Program Files (x86)\Java\jdk1.8.0_251\jre\lib\charsets.jar;C:\Program Files (x86)\Java\jdk1.8.0_251\jre\lib\jfr.jar;C:\Program Files (x86)\Java\jdk1.8.0_251\jre\classes"/>
    <property name="user.script" value=""/>
    <property name="sun.management.compiler" value="HotSpot Client Compiler"/>
    <property name="java.runtime.version" value="1.8.0_251-b08"/>
    <property name="user.name" value="duker"/>
    <property name="path.separator" value=";"/>
    <property name="os.version" value="10.0"/>
    <property name="java.endorsed.dirs" value="C:\Program Files (x86)\Java\jdk1.8.0_251\jre\lib\endorsed"/>
    <property name="java.runtime.name" value="Java(TM) SE Runtime Environment"/>
    <property name="file.encoding" value="Cp1252"/>
    <property name="java.vm.name" value="Java HotSpot(TM) Client VM"/>
    <property name="localRepository" value="C:\Users\duker\.m2\repository"/>
    <property name="java.vendor.url.bug" value="http://bugreport.sun.com/bugreport/"/>
    <property name="java.io.tmpdir" value="C:\Users\duker\AppData\Local\Temp\"/>
    <property name="java.version" value="1.8.0_251"/>
    <property name="user.dir" value="D:\devops projects\maven\01-Maven-SA-App"/>
    <property name="os.arch" value="x86"/>
    <property name="java.vm.specification.name" value="Java Virtual Machine Specification"/>
    <property name="java.awt.printerjob" value="sun.awt.windows.WPrinterJob"/>
    <property name="sun.os.patch.level" value=""/>
    <property name="java.library.path" value="C:\Program Files (x86)\Java\jdk1.8.0_251\jre\bin;C:\WINDOWS\Sun\Java\bin;C:\WINDOWS\system32;C:\WINDOWS;C:\Program Files (x86)\Common Files\Oracle\Java\java8path;C:\Program Files (x86)\Common Files\Oracle\Java\javapath;C:\WINDOWS\system32;C:\WINDOWS;C:\WINDOWS\System32\Wbem;C:\WINDOWS\System32\WindowsPowerShell\v1.0\;C:\WINDOWS\System32\OpenSSH\;C:\Program Files (x86)\Java\jdk1.8.0_251\bin;C:\apache-maven-3.9.7-bin\apache-maven-3.9.7\bin;C:\Users\duker\AppData\Local\Microsoft\WindowsApps;;C:\Users\duker\AppData\Local\Programs\Microsoft VS Code\bin;."/>
    <property name="java.vm.info" value="mixed mode"/>
    <property name="java.vendor" value="Oracle Corporation"/>
    <property name="java.vm.version" value="25.251-b08"/>
    <property name="java.ext.dirs" value="C:\Program Files (x86)\Java\jdk1.8.0_251\jre\lib\ext;C:\WINDOWS\Sun\Java\lib\ext"/>
    <property name="sun.io.unicode.encoding" value="UnicodeLittle"/>
    <property name="java.class.version" value="52.0"/>
  </properties>
  <testcase name="testApp" classname="in.InternshipStudio.AppTest" time="0.007"/>
</testsuite>